d:\instantfile\otherapplication\codeencrypt\codeencrypt\debug\codeencrypt.pch
d:\instantfile\otherapplication\codeencrypt\codeencrypt\debug\vc143.pdb
d:\instantfile\otherapplication\codeencrypt\codeencrypt\debug\vc143.idb
d:\instantfile\otherapplication\codeencrypt\codeencrypt\debug\pch.obj
d:\instantfile\otherapplication\codeencrypt\codeencrypt\debug\codeencryptdlg.obj
d:\instantfile\otherapplication\codeencrypt\codeencrypt\debug\codeencrypt.obj
d:\instantfile\otherapplication\codeencrypt\debug\libcrypto-3.dll
d:\instantfile\otherapplication\codeencrypt\debug\codeencrypt.exe
d:\instantfile\otherapplication\codeencrypt\codeencrypt\debug\codeencrypt.ilk
d:\instantfile\otherapplication\codeencrypt\debug\codeencrypt.pdb
d:\instantfile\otherapplication\codeencrypt\codeencrypt\debug\codeencrypt.res
d:\instantfile\otherapplication\codeencrypt\codeencrypt\debug\codeencrypt.tlog\cl.command.1.tlog
d:\instantfile\otherapplication\codeencrypt\codeencrypt\debug\codeencrypt.tlog\cl.read.1.tlog
d:\instantfile\otherapplication\codeencrypt\codeencrypt\debug\codeencrypt.tlog\cl.write.1.tlog
d:\instantfile\otherapplication\codeencrypt\codeencrypt\debug\codeencrypt.tlog\codeencrypt.write.1u.tlog
d:\instantfile\otherapplication\codeencrypt\codeencrypt\debug\codeencrypt.tlog\link.command.1.tlog
d:\instantfile\otherapplication\codeencrypt\codeencrypt\debug\codeencrypt.tlog\link.read.1.tlog
d:\instantfile\otherapplication\codeencrypt\codeencrypt\debug\codeencrypt.tlog\link.write.1.tlog
d:\instantfile\otherapplication\codeencrypt\codeencrypt\debug\codeencrypt.tlog\rc.command.1.tlog
d:\instantfile\otherapplication\codeencrypt\codeencrypt\debug\codeencrypt.tlog\rc.read.1.tlog
d:\instantfile\otherapplication\codeencrypt\codeencrypt\debug\codeencrypt.tlog\rc.write.1.tlog
